<?xml version="1.0" encoding="UTF-8"?>
<!-- Generated by org.testng.reporters.JUnitXMLReporter -->
<testsuite hostname="DESKTOP-1TQJI3A" ignored="0" name="Test" tests="4" failures="0" timestamp="2022-08-12T19:13:26 IST" time="37.248" errors="0">
  <testcase name="basePageNavigation" time="0.102" classname="Academy.validateNavBar"/>
  <testcase name="basePageNavigation" time="7.594" classname="Academy.HomePage"/>
  <testcase name="basePageNavigation" time="8.023" classname="Academy.HomePage"/>
  <testcase name="basePageNavigation" time="0.138" classname="Academy.validateTitle"/>
</testsuite> <!-- Test -->
